<?xml version="1.0" encoding="utf-8"?>
<coverage line-rate="1" branch-rate="1" version="1.9" timestamp="1688440634" lines-covered="27" lines-valid="27" branches-covered="26" branches-valid="26">
  <sources>
    <source>/</source>
  </sources>
  <packages>
    <package name="SquareEquationLib" line-rate="1" branch-rate="1" complexity="26">
      <classes>
        <class name="SquareEquationLib.SquareEquation" filename="home/ubuntu/OmSTU-AMCS-SummerPractice2023/SquareEquationLib/SquareEquation.cs" line-rate="1" branch-rate="1" complexity="26">
          <methods>
            <method name="Solve" signature="(System.Double,System.Double,System.Double)" line-rate="1" branch-rate="1" complexity="26">
              <lines>
                <line number="6" hits="20" branch="False" />
                <line number="7" hits="20" branch="False" />
                <line number="8" hits="20" branch="False" />
                <line number="10" hits="20" branch="True" condition-coverage="100% (8/8)">
                  <conditions>
                    <condition number="39" type="jump" coverage="100%" />
                    <condition number="47" type="jump" coverage="100%" />
                    <condition number="55" type="jump" coverage="100%" />
                    <condition number="68" type="jump" coverage="100%" />
                  </conditions>
                </line>
                <line number="11" hits="4" branch="False" />
                <line number="12" hits="4" branch="False" />
                <line number="14" hits="16" branch="True" condition-coverage="100% (6/6)">
                  <conditions>
                    <condition number="83" type="jump" coverage="100%" />
                    <condition number="91" type="jump" coverage="100%" />
                    <condition number="106" type="jump" coverage="100%" />
                  </conditions>
                </line>
                <line number="15" hits="3" branch="False" />
                <line number="16" hits="3" branch="False" />
                <line number="18" hits="13" branch="True" condition-coverage="100% (6/6)">
                  <conditions>
                    <condition number="121" type="jump" coverage="100%" />
                    <condition number="129" type="jump" coverage="100%" />
                    <condition number="144" type="jump" coverage="100%" />
                  </conditions>
                </line>
                <line number="19" hits="3" branch="False" />
                <line number="20" hits="3" branch="False" />
                <line number="23" hits="10" branch="False" />
                <line number="24" hits="10" branch="True" condition-coverage="100% (4/4)">
                  <conditions>
                    <condition number="186" type="jump" coverage="100%" />
                    <condition number="199" type="jump" coverage="100%" />
                  </conditions>
                </line>
                <line number="25" hits="3" branch="False" />
                <line number="26" hits="3" branch="False" />
                <line number="27" hits="3" branch="False" />
                <line number="28" hits="3" branch="False" />
                <line number="29" hits="10" branch="True" condition-coverage="100% (2/2)">
                  <conditions>
                    <condition number="238" type="jump" coverage="100%" />
                  </conditions>
                </line>
                <line number="30" hits="3" branch="False" />
                <line number="31" hits="3" branch="False" />
                <line number="32" hits="3" branch="False" />
                <line number="33" hits="3" branch="False" />
                <line number="34" hits="3" branch="False" />
                <line number="35" hits="3" branch="False" />
                <line number="36" hits="10" branch="False" />
                <line number="37" hits="10" branch="False" />
              </lines>
            </method>
          </methods>
          <lines>
            <line number="6" hits="20" branch="False" />
            <line number="7" hits="20" branch="False" />
            <line number="8" hits="20" branch="False" />
            <line number="10" hits="20" branch="True" condition-coverage="100% (8/8)">
              <conditions>
                <condition number="39" type="jump" coverage="100%" />
                <condition number="47" type="jump" coverage="100%" />
                <condition number="55" type="jump" coverage="100%" />
                <condition number="68" type="jump" coverage="100%" />
              </conditions>
            </line>
            <line number="11" hits="4" branch="False" />
            <line number="12" hits="4" branch="False" />
            <line number="14" hits="16" branch="True" condition-coverage="100% (6/6)">
              <conditions>
                <condition number="83" type="jump" coverage="100%" />
                <condition number="91" type="jump" coverage="100%" />
                <condition number="106" type="jump" coverage="100%" />
              </conditions>
            </line>
            <line number="15" hits="3" branch="False" />
            <line number="16" hits="3" branch="False" />
            <line number="18" hits="13" branch="True" condition-coverage="100% (6/6)">
              <conditions>
                <condition number="121" type="jump" coverage="100%" />
                <condition number="129" type="jump" coverage="100%" />
                <condition number="144" type="jump" coverage="100%" />
              </conditions>
            </line>
            <line number="19" hits="3" branch="False" />
            <line number="20" hits="3" branch="False" />
            <line number="23" hits="10" branch="False" />
            <line number="24" hits="10" branch="True" condition-coverage="100% (4/4)">
              <conditions>
                <condition number="186" type="jump" coverage="100%" />
                <condition number="199" type="jump" coverage="100%" />
              </conditions>
            </line>
            <line number="25" hits="3" branch="False" />
            <line number="26" hits="3" branch="False" />
            <line number="27" hits="3" branch="False" />
            <line number="28" hits="3" branch="False" />
            <line number="29" hits="10" branch="True" condition-coverage="100% (2/2)">
              <conditions>
                <condition number="238" type="jump" coverage="100%" />
              </conditions>
            </line>
            <line number="30" hits="3" branch="False" />
            <line number="31" hits="3" branch="False" />
            <line number="32" hits="3" branch="False" />
            <line number="33" hits="3" branch="False" />
            <line number="34" hits="3" branch="False" />
            <line number="35" hits="3" branch="False" />
            <line number="36" hits="10" branch="False" />
            <line number="37" hits="10" branch="False" />
          </lines>
        </class>
      </classes>
    </package>
  </packages>
</coverage>